\BOOKMARK [1][-]{section.1}{\376\377\000I\000n\000d\000u\000t\000i\000v\000i\000s\000m\000o}{}% 1
\BOOKMARK [2][-]{subsection.1.1}{\376\377\000R\000e\000v\000i\000s\000\343\000o\000\040\000d\000a\000\040\000p\000o\000s\000i\000\347\000\343\000o\000\040\000i\000n\000d\000u\000t\000i\000v\000i\000s\000t\000a}{section.1}% 2
\BOOKMARK [2][-]{subsection.1.2}{\376\377\000P\000r\000o\000b\000l\000e\000m\000a\000s\000\040\000d\000o\000\040\000i\000n\000d\000u\000t\000i\000v\000i\000s\000m\000o}{section.1}% 3
\BOOKMARK [1][-]{section.2}{\376\377\000F\000a\000l\000s\000i\000f\000i\000c\000a\000c\000i\000o\000n\000i\000s\000m\000o}{}% 4
\BOOKMARK [2][-]{subsection.2.1}{\376\377\000A\000\040\000v\000i\000r\000a\000d\000a\000\040\000p\000o\000p\000p\000e\000r\000i\000a\000n\000a}{section.2}% 5
\BOOKMARK [2][-]{subsection.2.2}{\376\377\000G\000r\000a\000u\000s\000\040\000d\000e\000\040\000f\000a\000l\000s\000i\000f\000i\000c\000a\000b\000i\000l\000i\000d\000a\000d\000e}{section.2}% 6
\BOOKMARK [2][-]{subsection.2.3}{\376\377\000L\000i\000m\000i\000t\000e\000s\000\040\000d\000o\000\040\000f\000a\000l\000s\000i\000f\000i\000c\000a\000c\000i\000o\000n\000i\000s\000m\000o}{section.2}% 7
\BOOKMARK [1][-]{section.3}{\376\377\000P\000r\000o\000g\000r\000a\000m\000a\000s\000\040\000d\000e\000\040\000P\000e\000s\000q\000u\000i\000s\000a\000\040\000C\000i\000e\000n\000t\000\355\000f\000i\000c\000a\000\040\000\050\000L\000a\000k\000a\000t\000o\000s\000\051}{}% 8
\BOOKMARK [2][-]{subsection.3.1}{\376\377\000A\000\040\000p\000r\000o\000p\000o\000s\000t\000a\000\040\000d\000e\000\040\000L\000a\000k\000a\000t\000o\000s}{section.3}% 9
\BOOKMARK [2][-]{subsection.3.2}{\376\377\000E\000s\000t\000r\000u\000t\000u\000r\000a\000\040\000d\000e\000\040\000u\000m\000\040\000p\000r\000o\000g\000r\000a\000m\000a\000\040\000d\000e\000\040\000p\000e\000s\000q\000u\000i\000s\000a}{section.3}% 10
\BOOKMARK [2][-]{subsection.3.3}{\376\377\000P\000r\000o\000g\000r\000a\000m\000a\000s\000\040\000p\000r\000o\000g\000r\000e\000s\000s\000i\000v\000o\000s\000\040\000e\000\040\000d\000e\000g\000e\000n\000e\000r\000a\000t\000i\000v\000o\000s}{section.3}% 11
\BOOKMARK [1][-]{section.4}{\376\377\000P\000a\000r\000a\000d\000i\000g\000m\000a\000s\000\040\000d\000e\000\040\000P\000e\000s\000q\000u\000i\000s\000a\000\040\000\050\000K\000u\000h\000n\000\051}{}% 12
\BOOKMARK [2][-]{subsection.4.1}{\376\377\000A\000\040\000p\000r\000o\000p\000o\000s\000t\000a\000\040\000d\000e\000\040\000K\000u\000h\000n}{section.4}% 13
\BOOKMARK [2][-]{subsection.4.2}{\376\377\000O\000\040\000c\000i\000c\000l\000o\000\040\000k\000u\000h\000n\000i\000a\000n\000o}{section.4}% 14
\BOOKMARK [2][-]{subsection.4.3}{\376\377\000O\000\040\000c\000o\000n\000c\000e\000i\000t\000o\000\040\000d\000e\000\040\000p\000a\000r\000a\000d\000i\000g\000m\000a}{section.4}% 15
\BOOKMARK [2][-]{subsection.4.4}{\376\377\000I\000n\000c\000o\000m\000e\000n\000s\000u\000r\000a\000b\000i\000l\000i\000d\000a\000d\000e}{section.4}% 16
\BOOKMARK [1][-]{section.5}{\376\377\000R\000a\000c\000i\000o\000n\000a\000l\000i\000s\000m\000o\000\040\000e\000\040\000R\000e\000l\000a\000t\000i\000v\000i\000s\000m\000o}{}% 17
\BOOKMARK [2][-]{subsection.5.1}{\376\377\000R\000a\000c\000i\000o\000n\000a\000l\000i\000s\000m\000o}{section.5}% 18
\BOOKMARK [2][-]{subsection.5.2}{\376\377\000R\000e\000l\000a\000t\000i\000v\000i\000s\000m\000o}{section.5}% 19
\BOOKMARK [2][-]{subsection.5.3}{\376\377\000R\000e\000s\000u\000m\000o\000\040\000d\000o\000\040\000c\000o\000n\000t\000r\000a\000s\000t\000e}{section.5}% 20
\BOOKMARK [1][-]{section.6}{\376\377\000L\000a\000k\000a\000t\000o\000s\000\040\000e\000\040\000K\000u\000h\000n\000\040\000d\000i\000a\000n\000t\000e\000\040\000d\000o\000\040\000R\000a\000c\000i\000o\000n\000a\000l\000i\000s\000m\000o\000\040\000e\000\040\000d\000o\000\040\000R\000e\000l\000a\000t\000i\000v\000i\000s\000m\000o}{}% 21
\BOOKMARK [2][-]{subsection.6.1}{\376\377\000L\000a\000k\000a\000t\000o\000s\000:\000\040\000u\000m\000\040\000r\000a\000c\000i\000o\000n\000a\000l\000i\000s\000m\000o\000\040\000s\000o\000f\000i\000s\000t\000i\000c\000a\000d\000o}{section.6}% 22
\BOOKMARK [2][-]{subsection.6.2}{\376\377\000K\000u\000h\000n\000:\000\040\000l\000e\000i\000t\000u\000r\000a\000s\000\040\000r\000a\000c\000i\000o\000n\000a\000l\000i\000s\000t\000a\000s\000\040\000e\000\040\000l\000e\000i\000t\000u\000r\000a\000s\000\040\000r\000e\000l\000a\000t\000i\000v\000i\000s\000t\000a\000s}{section.6}% 23
\BOOKMARK [2][-]{subsection.6.3}{\376\377\000R\000e\000s\000u\000m\000o\000\040\000d\000o\000\040\000c\000o\000n\000t\000r\000a\000s\000t\000e}{section.6}% 24
\BOOKMARK [1][-]{section.7}{\376\377\000O\000b\000j\000e\000t\000i\000v\000i\000s\000m\000o\000\040\000\050\000O\000\040\000q\000u\000e\000\040\000\351\000\040\000u\000m\000a\000\040\000t\000e\000o\000r\000i\000a\000?\000\051}{}% 25
\BOOKMARK [2][-]{subsection.7.1}{\376\377\000P\000o\000s\000i\000\347\000\343\000o\000\040\000c\000e\000n\000t\000r\000a\000l}{section.7}% 26
\BOOKMARK [2][-]{subsection.7.2}{\376\377\000A\000r\000g\000u\000m\000e\000n\000t\000o\000s\000\040\000a\000\040\000f\000a\000v\000o\000r\000\040\000d\000o\000\040\000o\000b\000j\000e\000t\000i\000v\000i\000s\000m\000o}{section.7}% 27
\BOOKMARK [2][-]{subsection.7.3}{\376\377\000I\000m\000p\000l\000i\000c\000a\000\347\000\365\000e\000s\000\040\000p\000a\000r\000a\000\040\000a\000\040\000f\000i\000l\000o\000s\000o\000f\000i\000a\000\040\000d\000a\000\040\000c\000i\000\352\000n\000c\000i\000a}{section.7}% 28
\BOOKMARK [2][-]{subsection.7.4}{\376\377\000O\000b\000j\000e\000\347\000\365\000e\000s\000\040\000a\000o\000\040\000o\000b\000j\000e\000t\000i\000v\000i\000s\000m\000o}{section.7}% 29
